[2025-01-16 16:29:34] [SUCCESS] Cleaning build files completed successfully
[2025-01-16 16:29:34] [INFO] Compiling kernel.asm...
[2025-01-16 16:29:34] [SUCCESS] Compiling kernel.asm completed successfully
[2025-01-16 16:29:34] [INFO] Compiling idt.asm...
[2025-01-16 16:29:34] [SUCCESS] Compiling idt.asm completed successfully
[2025-01-16 16:29:34] [INFO] Compiling kernel.c...
[2025-01-16 16:29:34] [SUCCESS] Compiling kernel.c completed successfully
[2025-01-16 16:29:34] [INFO] Compiling pop_module.c...
[2025-01-16 16:29:34] [SUCCESS] Compiling pop_module.c completed successfully
[2025-01-16 16:29:34] [INFO] Compiling shimjapii_pop.c...
[2025-01-16 16:29:34] [SUCCESS] Compiling shimjapii_pop.c completed successfully
[2025-01-16 16:29:34] [INFO] Compiling spinner_pop.c...
[2025-01-16 16:29:34] [SUCCESS] Compiling spinner_pop.c completed successfully
[2025-01-16 16:29:34] [INFO] Compiling uptime_pop.c...
[2025-01-16 16:29:34] [SUCCESS] Compiling uptime_pop.c completed successfully
[2025-01-16 16:29:34] [INFO] Compiling halt_pop.c...
[2025-01-16 16:29:34] [SUCCESS] Compiling halt_pop.c completed successfully
[2025-01-16 16:29:34] [INFO] Linking object files...
[2025-01-16 16:29:35] [SUCCESS] Linking object files completed successfully
[2025-01-16 16:29:36] [INFO] Starting QEMU with 256MB RAM and 1 cores...
[2025-01-16 16:30:01] [SUCCESS] Running QEMU completed successfully
